<?xml version="1.0" encoding="UTF-8"?>
<!-- Generated by org.testng.reporters.JUnitReportReporter -->
<testsuite hostname="LAPTOP-CDAJ1UEH" failures="0" tests="3" name="SeleniumGridFile.ParallelTestOnGrid" time="43.598" errors="0" timestamp="2024-09-28T16:06:29 IST" skipped="0">
  <testcase classname="SeleniumGridFile.ParallelTestOnGrid" name="testParallel" time="14.756"/>
  <system-out/>
  <testcase classname="SeleniumGridFile.ParallelTestOnGrid" name="testParallel" time="15.061"/>
  <system-out/>
  <testcase classname="SeleniumGridFile.ParallelTestOnGrid" name="testParallel" time="13.781"/>
  <system-out/>
</testsuite> <!-- SeleniumGridFile.ParallelTestOnGrid -->
